C:\Users\georg\fincrime_thedesk\client\scripts\Main.cs(19,9): error CS0103: The name '_tickLabel' does not exist in the current context [C:\Users\georg\fincrime_thedesk\client\FinCrime.csproj]
C:\Users\georg\fincrime_thedesk\client\scripts\Main.cs(20,9): error CS0103: The name '_pauseButton' does not exist in the current context [C:\Users\georg\fincrime_thedesk\client\FinCrime.csproj]
C:\Users\georg\fincrime_thedesk\client\scripts\Main.cs(21,9): error CS0103: The name '_statusLabel' does not exist in the current context [C:\Users\georg\fincrime_thedesk\client\FinCrime.csproj]
C:\Users\georg\fincrime_thedesk\client\scripts\Main.cs(41,13): error CS0103: The name '_pauseButton' does not exist in the current context [C:\Users\georg\fincrime_thedesk\client\FinCrime.csproj]
C:\Users\georg\fincrime_thedesk\client\scripts\Main.cs(43,13): error CS0103: The name '_pauseButton' does not exist in the current context [C:\Users\georg\fincrime_thedesk\client\FinCrime.csproj]
C:\Users\georg\fincrime_thedesk\client\scripts\Main.cs(49,13): error CS0103: The name '_tickLabel' does not exist in the current context [C:\Users\georg\fincrime_thedesk\client\FinCrime.csproj]
C:\Users\georg\fincrime_thedesk\client\scripts\Main.cs(50,13): error CS0103: The name '_tickLabel' does not exist in the current context [C:\Users\georg\fincrime_thedesk\client\FinCrime.csproj]
C:\Users\georg\fincrime_thedesk\client\scripts\Main.cs(78,17): error CS0103: The name '_statusLabel' does not exist in the current context [C:\Users\georg\fincrime_thedesk\client\FinCrime.csproj]
C:\Users\georg\fincrime_thedesk\client\scripts\Main.cs(79,17): error CS0103: The name '_statusLabel' does not exist in the current context [C:\Users\georg\fincrime_thedesk\client\FinCrime.csproj]
C:\Users\georg\fincrime_thedesk\client\scripts\Main.cs(90,13): error CS0103: The name '_statusLabel' does not exist in the current context [C:\Users\georg\fincrime_thedesk\client\FinCrime.csproj]
C:\Users\georg\fincrime_thedesk\client\scripts\Main.cs(91,13): error CS0103: The name '_statusLabel' does not exist in the current context [C:\Users\georg\fincrime_thedesk\client\FinCrime.csproj]

Build FAILED.
    0 Warning(s)
    11 Error(s)

Time Elapsed 00:00:00.71
