cargo : warning: unused variable: `tick`
At line:1 char:1
+ cargo test --manifest-path 
core/Cargo.toml --no-fail-fast --test 
paym ...
+ ~~~~~~~~~~~~~~~~~~~~~~~~~~~~~~~~~~~~~~
~~~~~~~~~~~~~~~~~~~~~~~~~~~~~~~
    + CategoryInfo          : NotS    
pecified: (warning: unused var    
iable: `tick`:String) [], Remo    
teException
    + FullyQualifiedErrorId : Nati    
veCommandError
 
   --> 
core\src\customer_subsystem.rs:459:9
    |
459 |         tick: Tick,
    |         ^^^^ help: if this is 
intentional, prefix it with an 
underscore: `_tick`
    |
    = note: `#[warn(unused_variables)]` 
(part of `#[warn(unused)]`) on by 
default

warning: unused variable: `tick`
   --> 
core\src\customer_subsystem.rs:688:9
    |
688 |         tick: Tick,
    |         ^^^^ help: if this is 
intentional, prefix it with an 
underscore: `_tick`

warning: unused variable: `tick`
   --> 
core\src\customer_subsystem.rs:808:9
    |
808 |         tick: Tick,
    |         ^^^^ help: if this is 
intentional, prefix it with an 
underscore: `_tick`

warning: unused variable: `tick`
   --> 
core\src\customer_subsystem.rs:958:9
    |
958 |         tick: Tick,
    |         ^^^^ help: if this is 
intentional, prefix it with an 
underscore: `_tick`

warning: `fincrime-core` (lib) 
generated 4 warnings (run `cargo fix 
--lib -p fincrime-core` to apply 4 
suggestions)
   Compiling fincrime-core v0.1.0 
(C:\Users\georg\fincrime_thedesk\core)
    Finished `test` profile 
[unoptimized + debuginfo] target(s) in 
1.14s
     Running tests\churn_model.rs (targe
t\debug\deps\churn_model-1da7deb1a66f188
8.exe)

running 6 tests
test churn_score_components_are_non_negative ... ok
test churn_scores_computed_every_30_ticks ... FAILED
test churn_cohorts_track_primary_driver ... FAILED
test determinism_holds_with_churn_model ... FAILED
test retention_offer_reduces_churn_risk ... FAILED
test life_events_generated_probabilistically has been running for over 60 seconds
error: test failed, to rerun pass 
`--test churn_model`

Caused by:
  process didn't exit successfully: `C:\
Users\georg\fincrime_thedesk\target\debu
g\deps\churn_model-1da7deb1a66f1888.exe 
--test-threads=4` (exit code: 1)
note: test exited abnormally; to see 
the full output pass --no-capture to 
the harness.
     Running tests\custodial_trust.rs (t
arget\debug\deps\custodial_trust-14e0736
220a20230.exe)

running 8 tests
test high_risk_country_ofac_screening ... ok
test custodial_account_query_works ... ok
test international_customers_created ... ok
test custodial_state_governed ... ok
test ofac_flagged_query_works ... ok
test pep_query_works ... ok
test trust_beneficiaries_exist_for_trusts ... ok
test trust_account_query_works ... ok

test result: ok. 8 passed; 0 failed; 0 ignored; 0 measured; 0 filtered out; finished in 13.38s

     Running tests\customer_identity.rs 
(target\debug\deps\customer_identity-a06
5abf98d4ebcdb.exe)

running 8 tests
test address_types_are_valid ... ok
test identity_records_created_for_all_customers ... ok
test address_records_created_for_all_customers ... ok
test phone_numbers_are_formatted_correctly ... ok
test phone_records_created_for_all_customers ... ok
test identity_generation_is_deterministic ... ok
test ssn_format_is_valid ... ok
test synthetic_identity_rate_is_plausible ... ok

test result: ok. 8 passed; 0 failed; 0 ignored; 0 measured; 0 filtered out; finished in 18.05s

     Running tests\payment_hub.rs (targe
t\debug\deps\payment_hub-8ba4430ad1a3953
c.exe)

running 6 tests
test ach_settles_t_plus_1 ... ok
test card_auth_clear_settle_lifecycle ... ok
test pending_vs_posted_balance_accuracy ... ok
test wire_settles_same_day ... ok
test payment_rail_capacity_limits ... ok
test determinism_with_multiple_rails has been running for over 60 seconds
