cargo :    Compiling fincrime-core 
v0.1.0 (C:\Users\georg\fincrime_the
desk\core)
At line:1 char:1
+ cargo test --manifest-path 
core/Cargo.toml --no-fail-fast -- 
--test-t ...
+ ~~~~~~~~~~~~~~~~~~~~~~~~~~~~~~~~~
~~~~~~~~~~~~~~~~~~~~~~~~~~~~~~~~~~~
~
    + CategoryInfo          : NotS 
   pecified: (   Compiling fi...e  
  _thedesk\core):String) [], Rem   
 oteException
    + FullyQualifiedErrorId : Nati 
   veCommandError
 
warning: unused variable: `tick`
   --> core\src\customer_subsystem.
rs:459:9
    |
459 |         tick: Tick,
    |         ^^^^ help: if this 
is intentional, prefix it with an 
underscore: `_tick`
    |
    = note: 
`#[warn(unused_variables)]` (part 
of `#[warn(unused)]`) on by default

warning: unused variable: `tick`
   --> core\src\customer_subsystem.
rs:688:9
    |
688 |         tick: Tick,
    |         ^^^^ help: if this 
is intentional, prefix it with an 
underscore: `_tick`

warning: unused variable: `tick`
   --> core\src\customer_subsystem.
rs:808:9
    |
808 |         tick: Tick,
    |         ^^^^ help: if this 
is intentional, prefix it with an 
underscore: `_tick`

warning: unused variable: `tick`
   --> core\src\customer_subsystem.
rs:958:9
    |
958 |         tick: Tick,
    |         ^^^^ help: if this 
is intentional, prefix it with an 
underscore: `_tick`

warning: `fincrime-core` (lib 
test) generated 4 warnings (run 
`cargo fix --lib -p fincrime-core 
--tests` to apply 4 suggestions)
warning: `fincrime-core` (lib) 
generated 4 warnings (4 duplicates)
    Finished `test` profile 
[unoptimized + debuginfo] 
target(s) in 5.36s
     Running unittests src\lib.rs (
target\debug\deps\fincrime_core-6bd
9c54eaa309fd9.exe)

running 0 tests

test result: ok. 0 passed; 0 failed; 0 ignored; 0 measured; 0 filtered out; finished in 0.00s

     Running 
tests\business_entity.rs (target\de
bug\deps\business_entity-45481011b9
b2a448.exe)

running 0 tests

test result: ok. 0 passed; 0 failed; 0 ignored; 0 measured; 8 filtered out; finished in 0.00s

     Running tests\churn_model.rs (
target\debug\deps\churn_model-1da7d
eb1a66f1888.exe)

running 0 tests

test result: ok. 0 passed; 0 failed; 0 ignored; 0 measured; 6 filtered out; finished in 0.00s

     Running 
tests\complaint_analytics.rs (targe
t\debug\deps\complaint_analytics-35
2b7e22f6ef9120.exe)

running 0 tests

test result: ok. 0 passed; 0 failed; 0 ignored; 0 measured; 5 filtered out; finished in 0.00s

     Running tests\complaints.rs (t
arget\debug\deps\complaints-a90fa04
5c2ab25a9.exe)

running 0 tests

test result: ok. 0 passed; 0 failed; 0 ignored; 0 measured; 5 filtered out; finished in 0.00s

     Running 
tests\custodial_trust.rs (target\de
bug\deps\custodial_trust-14e0736220
a20230.exe)

running 0 tests

test result: ok. 0 passed; 0 failed; 0 ignored; 0 measured; 8 filtered out; finished in 0.00s

     Running 
tests\customer_identity.rs (target\
debug\deps\customer_identity-a065ab
f98d4ebcdb.exe)

running 0 tests

test result: ok. 0 passed; 0 failed; 0 ignored; 0 measured; 8 filtered out; finished in 0.00s

     Running tests\determinism.rs (
target\debug\deps\determinism-a610f
fb5bf76da3f.exe)

running 0 tests

test result: ok. 0 passed; 0 failed; 0 ignored; 0 measured; 4 filtered out; finished in 0.00s

     Running tests\economics.rs (ta
rget\debug\deps\economics-d7ea1efc9
a9f436b.exe)

running 0 tests

test result: ok. 0 passed; 0 failed; 0 ignored; 0 measured; 5 filtered out; finished in 0.00s

     Running tests\incident.rs (tar
get\debug\deps\incident-e22c51b243d
684a2.exe)

running 3 tests
test incident_determinism ... FAILED
test incidents_generated_over_time ... FAILED
test incidents_resolve ... FAILED

failures:

---- incident_determinism stdout ----

thread 'incident_determinism' (100816) panicked at core\tests\incident.rs:119:28:
called `Result::unwrap()` on an `Err` value: Database(SqliteFailure(Error { code: Unknown, extended_code: 1 }, Some("no such table: system_component")))
stack backtrace:
   0: std::panicking::panic_handler
             at /rustc/ded5c06cf21d2b93bffd5d884aa6e96934ee4234/library\std\src\panicking.rs:698
   1: core::panicking::panic_fmt
             at /rustc/ded5c06cf21d2b93bffd5d884aa6e96934ee4234/library\core\src\panicking.rs:80
   2: core::result::unwrap_failed
             at /rustc/ded5c06cf21d2b93bffd5d884aa6e96934ee4234/library\core\src\result.rs:1862
   3: enum2$<core::result::Result<tuple$<>,enum2$<fincrime_core::error::SimError> > >::unwrap
             at /rustc/ded5c06cf21d2b93bffd5d884aa6e96934ee4234\library\core\src\result.rs:1233
   4: incident::incident_determinism
             at .\tests\incident.rs:119
   5: incident::incident_determinism::closure$0
             at .\tests\incident.rs:112
   6: core::ops::function::FnOnce::call_once<incident::incident_determinism::closure_env$0,tuple$<> >
             at /rustc/ded5c06cf21d2b93bffd5d884aa6e96934ee4234\library\core\src\ops\function.rs:250
   7: core::ops::function::FnOnce::call_once
             at /rustc/ded5c06cf21d2b93bffd5d884aa6e96934ee4234/library\core\src\ops\function.rs:250
note: Some details are omitted, run with `RUST_BACKTRACE=full` for a verbose backtrace.

---- incidents_generated_over_time stdout ----

thread 'incidents_generated_over_time' (82780) panicked at core\tests\incident.rs:33:26:
called `Result::unwrap()` on an `Err` value: Database(SqliteFailure(Error { code: Unknown, extended_code: 1 }, Some("no such table: system_component")))
stack backtrace:
   0: std::panicking::panic_handler
             at /rustc/ded5c06cf21d2b93bffd5d884aa6e96934ee4234/library\std\src\panicking.rs:698
   1: core::panicking::panic_fmt
             at /rustc/ded5c06cf21d2b93bffd5d884aa6e96934ee4234/library\core\src\panicking.rs:80
   2: core::result::unwrap_failed
             at /rustc/ded5c06cf21d2b93bffd5d884aa6e96934ee4234/library\core\src\result.rs:1862
   3: enum2$<core::result::Result<tuple$<>,enum2$<fincrime_core::error::SimError> > >::unwrap
             at /rustc/ded5c06cf21d2b93bffd5d884aa6e96934ee4234\library\core\src\result.rs:1233
   4: incident::incidents_generated_over_time
             at .\tests\incident.rs:33
   5: incident::incidents_generated_over_time::closure$0
             at .\tests\incident.rs:29
   6: core::ops::function::FnOnce::call_once<incident::incidents_generated_over_time::closure_env$0,tuple$<> >
             at /rustc/ded5c06cf21d2b93bffd5d884aa6e96934ee4234\library\core\src\ops\function.rs:250
   7: core::ops::function::FnOnce::call_once
             at /rustc/ded5c06cf21d2b93bffd5d884aa6e96934ee4234/library\core\src\ops\function.rs:250
note: Some details are omitted, run with `RUST_BACKTRACE=full` for a verbose backtrace.

---- incidents_resolve stdout ----

thread 'incidents_resolve' (65100) panicked at core\tests\incident.rs:48:27:
called `Result::unwrap()` on an `Err` value: Database(SqliteFailure(Error { code: Unknown, extended_code: 1 }, Some("no such table: system_component")))
stack backtrace:
   0: std::panicking::panic_handler
             at /rustc/ded5c06cf21d2b93bffd5d884aa6e96934ee4234/library\std\src\panicking.rs:698
   1: core::panicking::panic_fmt
             at /rustc/ded5c06cf21d2b93bffd5d884aa6e96934ee4234/library\core\src\panicking.rs:80
   2: core::result::unwrap_failed
             at /rustc/ded5c06cf21d2b93bffd5d884aa6e96934ee4234/library\core\src\result.rs:1862
   3: enum2$<core::result::Result<tuple$<>,enum2$<fincrime_core::error::SimError> > >::unwrap
             at /rustc/ded5c06cf21d2b93bffd5d884aa6e96934ee4234\library\core\src\result.rs:1233
   4: incident::incidents_resolve
             at .\tests\incident.rs:48
   5: incident::incidents_resolve::closure$0
             at .\tests\incident.rs:44
   6: core::ops::function::FnOnce::call_once<incident::incidents_resolve::closure_env$0,tuple$<> >
             at /rustc/ded5c06cf21d2b93bffd5d884aa6e96934ee4234\library\core\src\ops\function.rs:250
   7: core::ops::function::FnOnce::call_once
             at /rustc/ded5c06cf21d2b93bffd5d884aa6e96934ee4234/library\core\src\ops\function.rs:250
note: Some details are omitted, run with `RUST_BACKTRACE=full` for a verbose backtrace.


failures:
    incident_determinism
    incidents_generated_over_time
    incidents_resolve

test result: FAILED. 0 passed; 3 failed; 0 ignored; 0 measured; 4 filtered out; finished in 8.92s

error: test failed, to rerun pass 
`--test incident`
     Running tests\offers.rs (targe
t\debug\deps\offers-ee054eb0d90f638
f.exe)

running 0 tests

test result: ok. 0 passed; 0 failed; 0 ignored; 0 measured; 6 filtered out; finished in 0.00s

     Running tests\payment_hub.rs (
target\debug\deps\payment_hub-8ba44
30ad1a3953c.exe)

running 0 tests

test result: ok. 0 passed; 0 failed; 0 ignored; 0 measured; 6 filtered out; finished in 0.00s

     Running tests\population.rs (t
arget\debug\deps\population-7fba402
9397c3b63.exe)

running 0 tests

test result: ok. 0 passed; 0 failed; 0 ignored; 0 measured; 5 filtered out; finished in 0.00s

     Running tests\pricing.rs (targ
et\debug\deps\pricing-bf4f4cb129656
a11.exe)

running 0 tests

test result: ok. 0 passed; 0 failed; 0 ignored; 0 measured; 5 filtered out; finished in 0.00s

     Running 
tests\reconciliation.rs (target\deb
ug\deps\reconciliation-52adcce94b96
3fe5.exe)

running 0 tests

test result: ok. 0 passed; 0 failed; 0 ignored; 0 measured; 5 filtered out; finished in 0.00s

     Running 
tests\risk_appetite.rs (target\debu
g\deps\risk_appetite-03579b35a6673c
99.exe)

running 0 tests

test result: ok. 0 passed; 0 failed; 0 ignored; 0 measured; 5 filtered out; finished in 0.00s

     Running tests\risk_scoring.rs 
(target\debug\deps\risk_scoring-5db
bf1f0df4b7236.exe)

running 0 tests

test result: ok. 0 passed; 0 failed; 0 ignored; 0 measured; 8 filtered out; finished in 0.00s

     Running 
tests\segment_profitability.rs (tar
get\debug\deps\segment_profitabilit
y-1d2e436bb0c0a78a.exe)

running 0 tests

test result: ok. 0 passed; 0 failed; 0 ignored; 0 measured; 5 filtered out; finished in 0.00s

   Doc-tests fincrime_core

running 0 tests

test result: ok. 0 passed; 0 failed; 0 ignored; 0 measured; 0 filtered out; finished in 0.00s

error: 1 target failed:
    `--test incident`
