cargo : warning: unused variable: 
`tick`
At line:1 char:1
+ cargo test --manifest-path 
core/Cargo.toml --test offers 
--test payme ...
+ ~~~~~~~~~~~~~~~~~~~~~~~~~~~~~~~~~
~~~~~~~~~~~~~~~~~~~~~~~~~~~~~~~~~~~
~
    + CategoryInfo          : NotS 
   pecified: (warning: unused var  
  iable: `tick`:String) [], Remo   
 teException
    + FullyQualifiedErrorId : Nati 
   veCommandError
 
   --> core\src\customer_subsystem.
rs:459:9
    |
459 |         tick: Tick,
    |         ^^^^ help: if this 
is intentional, prefix it with an 
underscore: `_tick`
    |
    = note: 
`#[warn(unused_variables)]` (part 
of `#[warn(unused)]`) on by default

warning: unused variable: `tick`
   --> core\src\customer_subsystem.
rs:688:9
    |
688 |         tick: Tick,
    |         ^^^^ help: if this 
is intentional, prefix it with an 
underscore: `_tick`

warning: unused variable: `tick`
   --> core\src\customer_subsystem.
rs:808:9
    |
808 |         tick: Tick,
    |         ^^^^ help: if this 
is intentional, prefix it with an 
underscore: `_tick`

warning: unused variable: `tick`
   --> core\src\customer_subsystem.
rs:958:9
    |
958 |         tick: Tick,
    |         ^^^^ help: if this 
is intentional, prefix it with an 
underscore: `_tick`

warning: `fincrime-core` (lib) 
generated 4 warnings (run `cargo 
fix --lib -p fincrime-core` to 
apply 4 suggestions)
    Finished `test` profile 
[unoptimized + debuginfo] 
target(s) in 0.14s
     Running tests\offers.rs (targe
t\debug\deps\offers-ee054eb0d90f638
f.exe)

running 6 tests
test new_customers_matched_to_eligible_offers ... ok
test bonus_seeker_flag_set_probabilistically ... ok
test bonus_paid_on_completion has been running for over 60 seconds
test determinism_holds_with_offers has been running for over 60 seconds
test offer_cost_appears_in_pnl has been running for over 60 seconds
test offer_not_complete_before_duration has been running for over 60 seconds
test offer_not_complete_before_duration ... ok
test bonus_paid_on_completion ... ok
test offer_cost_appears_in_pnl ... ok
test determinism_holds_with_offers ... ok

test result: ok. 6 passed; 0 failed; 0 ignored; 0 measured; 0 filtered out; finished in 435.49s

     Running tests\payment_hub.rs (
target\debug\deps\payment_hub-8ba44
30ad1a3953c.exe)

running 6 tests
test pending_vs_posted_balance_accuracy ... ok
test ach_settles_t_plus_1 ... ok
test card_auth_clear_settle_lifecycle ... ok
test wire_settles_same_day ... ok
test determinism_with_multiple_rails has been running for over 60 seconds
test payment_rail_capacity_limits has been running for over 60 seconds
test payment_rail_capacity_limits ... ok
test determinism_with_multiple_rails ... FAILED

failures:

---- determinism_with_multiple_rails stdout ----

thread 'determinism_with_multiple_rails' (93556) panicked at core\tests\payment_hub.rs:179:9:
assertion `left == right` failed: Event log diverged at entry 1743:
  A: {"type":"complaint_warning_fired","tick":21,"alert_type":"breach_rate_elevated","severity":"high","segment":"mass_market"}
  B: {"type":"complaint_warning_fired","tick":21,"alert_type":"breach_rate_elevated","severity":"medium","segment":"small_business"}
  left: "{\"type\":\"complaint_warning_fired\",\"tick\":21,\"alert_type\":\"breach_rate_elevated\",\"severity\":\"high\",\"segment\":\"mass_market\"}"
 right: "{\"type\":\"complaint_warning_fired\",\"tick\":21,\"alert_type\":\"breach_rate_elevated\",\"severity\":\"medium\",\"segment\":\"small_business\"}"
stack backtrace:
   0: std::panicking::panic_handler
             at /rustc/ded5c06cf21d2b93bffd5d884aa6e96934ee4234/library\std\src\panicking.rs:698
   1: core::panicking::panic_fmt
             at /rustc/ded5c06cf21d2b93bffd5d884aa6e96934ee4234/library\core\src\panicking.rs:80
   2: core::panicking::assert_failed_inner
             at /rustc/ded5c06cf21d2b93bffd5d884aa6e96934ee4234/library\core\src\panicking.rs:439
   3: core::panicking::assert_failed<ref$<alloc::string::String>,ref$<alloc::string::String> >
             at /rustc/ded5c06cf21d2b93bffd5d884aa6e96934ee4234\library\core\src\panicking.rs:399
   4: payment_hub::determinism_with_multiple_rails
             at .\tests\payment_hub.rs:179
   5: payment_hub::determinism_with_multiple_rails::closure$0
             at .\tests\payment_hub.rs:138
   6: core::ops::function::FnOnce::call_once<payment_hub::determinism_with_multiple_rails::closure_env$0,tuple$<> >
             at /rustc/ded5c06cf21d2b93bffd5d884aa6e96934ee4234\library\core\src\ops\function.rs:250
   7: core::ops::function::FnOnce::call_once
             at /rustc/ded5c06cf21d2b93bffd5d884aa6e96934ee4234/library\core\src\ops\function.rs:250
note: Some details are omitted, run with `RUST_BACKTRACE=full` for a verbose backtrace.


failures:
    determinism_with_multiple_rails

test result: FAILED. 5 passed; 1 failed; 0 ignored; 0 measured; 0 filtered out; finished in 213.60s

error: test failed, to rerun pass 
`--test payment_hub`
